[2017-05-16 11:07:23] [debug] ( prunsrv.c:1644) Commons Daemon procrun log initialized
[2017-05-16 11:07:24] [info]  ( prunsrv.c:1648) Commons Daemon procrun (1.0.10.0 32-bit) started
[2017-05-16 11:07:25] [info]  ( prunsrv.c:1561) Running 'solrJettynum1' Service...
[2017-05-16 11:07:25] [debug] ( prunsrv.c:1345) Inside ServiceMain...
[2017-05-16 11:07:25] [info]  ( prunsrv.c:1089) Starting service...
[2017-05-16 11:07:26] [info]  ( prunsrv.c:1244) Service started in 234 ms.
[2017-05-16 11:07:27] [debug] ( prunsrv.c:1496) Waiting for worker to finish...
[2017-05-16 12:18:19] [info]  ( prunsrv.c:1317) Console SHUTDOWN event signaled
[2017-05-16 12:18:19] [info]  ( prunsrv.c:906 ) Stopping service...
[2017-05-16 12:18:20] [debug] ( prunsrv.c:1018) Waiting for stop worker to finish...
[2017-05-16 12:18:26] [debug] ( prunsrv.c:1020) Stop worker finished.
[2017-05-16 12:18:26] [debug] ( prunsrv.c:1055) Waiting for worker to die naturally...
[2017-05-16 12:18:26] [debug] ( prunsrv.c:1066) Worker finished gracefully in 265 ms.
[2017-05-16 12:18:26] [info]  ( prunsrv.c:1076) Service stopped.
[2017-05-16 12:18:26] [debug] ( prunsrv.c:1501) Worker finished.
[2017-05-16 12:18:26] [debug] ( prunsrv.c:1524) Waiting for all threads to exit
[2017-05-16 12:18:26] [info]  ( prunsrv.c:1563) Run service finished.
[2017-05-16 12:18:26] [info]  ( prunsrv.c:1729) Commons Daemon procrun finished
[2017-05-16 12:19:49] [debug] ( prunsrv.c:1644) Commons Daemon procrun log initialized
[2017-05-16 12:19:49] [info]  ( prunsrv.c:1648) Commons Daemon procrun (1.0.10.0 32-bit) started
[2017-05-16 12:19:49] [info]  ( prunsrv.c:1561) Running 'solrJettynum1' Service...
[2017-05-16 12:19:49] [debug] ( prunsrv.c:1345) Inside ServiceMain...
[2017-05-16 12:19:49] [info]  ( prunsrv.c:1089) Starting service...
[2017-05-16 12:19:49] [info]  ( prunsrv.c:1244) Service started in 46 ms.
[2017-05-16 12:19:49] [debug] ( prunsrv.c:1496) Waiting for worker to finish...
[2017-05-16 16:35:21] [info]  ( prunsrv.c:1317) Console SHUTDOWN event signaled
[2017-05-16 16:35:21] [info]  ( prunsrv.c:906 ) Stopping service...
[2017-05-16 16:35:21] [debug] ( prunsrv.c:1018) Waiting for stop worker to finish...
[2017-05-16 16:35:29] [debug] ( prunsrv.c:1020) Stop worker finished.
[2017-05-16 16:35:29] [debug] ( prunsrv.c:1055) Waiting for worker to die naturally...
[2017-05-16 16:35:56] [debug] ( prunsrv.c:1501) Worker finished.
[2017-05-16 16:35:56] [debug] ( prunsrv.c:1524) Waiting for all threads to exit
[2017-05-16 16:35:56] [debug] ( prunsrv.c:1528) JVM destroyed.
[2017-05-16 16:35:56] [info]  ( prunsrv.c:1563) Run service finished.
[2017-05-16 16:35:56] [info]  ( prunsrv.c:1729) Commons Daemon procrun finished
[2017-05-16 16:42:04] [debug] ( prunsrv.c:1644) Commons Daemon procrun log initialized
[2017-05-16 16:42:04] [info]  ( prunsrv.c:1648) Commons Daemon procrun (1.0.10.0 32-bit) started
[2017-05-16 16:42:05] [info]  ( prunsrv.c:1561) Running 'solrJettynum1' Service...
[2017-05-16 16:42:05] [debug] ( prunsrv.c:1345) Inside ServiceMain...
[2017-05-16 16:42:05] [info]  ( prunsrv.c:1089) Starting service...
[2017-05-16 16:42:05] [info]  ( prunsrv.c:1244) Service started in 312 ms.
[2017-05-16 16:42:05] [debug] ( prunsrv.c:1496) Waiting for worker to finish...
[2017-05-16 16:45:04] [debug] ( prunsrv.c:1644) Commons Daemon procrun log initialized
[2017-05-16 16:45:05] [info]  ( prunsrv.c:1648) Commons Daemon procrun (1.0.10.0 32-bit) started
[2017-05-16 16:45:05] [info]  ( prunsrv.c:1561) Running 'solrJettynum1' Service...
[2017-05-16 16:45:05] [debug] ( prunsrv.c:1345) Inside ServiceMain...
[2017-05-16 16:45:05] [info]  ( prunsrv.c:1089) Starting service...
[2017-05-16 16:45:05] [info]  ( prunsrv.c:1244) Service started in 328 ms.
[2017-05-16 16:45:05] [debug] ( prunsrv.c:1496) Waiting for worker to finish...
[2017-05-16 16:47:03] [debug] ( prunsrv.c:1644) Commons Daemon procrun log initialized
[2017-05-16 16:47:04] [info]  ( prunsrv.c:1648) Commons Daemon procrun (1.0.10.0 32-bit) started
[2017-05-16 16:47:04] [info]  ( prunsrv.c:1561) Running 'solrJettynum1' Service...
[2017-05-16 16:47:04] [debug] ( prunsrv.c:1345) Inside ServiceMain...
[2017-05-16 16:47:04] [info]  ( prunsrv.c:1089) Starting service...
[2017-05-16 16:47:04] [info]  ( prunsrv.c:1244) Service started in 219 ms.
[2017-05-16 16:47:04] [debug] ( prunsrv.c:1496) Waiting for worker to finish...
