[2017-05-11 19:23:25] [debug] ( prunsrv.c:1644) Commons Daemon procrun log initialized
[2017-05-11 19:23:25] [info]  ( prunsrv.c:1648) Commons Daemon procrun (1.0.10.0 32-bit) started
[2017-05-11 19:23:25] [debug] ( prunsrv.c:559 ) Installing service...
[2017-05-11 19:23:25] [info]  ( prunsrv.c:595 ) Service solrJettynum1 name solrJettynum1
[2017-05-11 19:23:25] [debug] ( prunsrv.c:611 ) Setting service description solrJettynum1
[2017-05-11 19:23:25] [info]  ( prunsrv.c:629 ) Service 'solrJettynum1' installed
[2017-05-11 19:23:25] [info]  ( prunsrv.c:1729) Commons Daemon procrun finished
[2017-05-11 19:23:25] [debug] ( prunsrv.c:1644) Commons Daemon procrun log initialized
[2017-05-11 19:23:25] [info]  ( prunsrv.c:1648) Commons Daemon procrun (1.0.10.0 32-bit) started
[2017-05-11 19:23:25] [info]  ( prunsrv.c:1561) Running 'solrJettynum1' Service...
[2017-05-11 19:23:25] [debug] ( prunsrv.c:1345) Inside ServiceMain...
[2017-05-11 19:23:25] [info]  ( prunsrv.c:1089) Starting service...
[2017-05-11 19:23:25] [info]  ( prunsrv.c:1244) Service started in 5 ms.
[2017-05-11 19:23:25] [debug] ( prunsrv.c:1496) Waiting for worker to finish...
[2017-05-15 18:14:05] [info]  ( prunsrv.c:1317) Console SHUTDOWN event signaled
[2017-05-15 18:14:06] [info]  ( prunsrv.c:906 ) Stopping service...
[2017-05-15 18:14:07] [debug] ( prunsrv.c:1018) Waiting for stop worker to finish...
[2017-05-15 18:14:11] [debug] ( prunsrv.c:1020) Stop worker finished.
[2017-05-15 18:14:12] [debug] ( prunsrv.c:1055) Waiting for worker to die naturally...
[2017-05-15 18:14:15] [debug] ( prunsrv.c:1501) Worker finished.
[2017-05-15 18:14:15] [debug] ( prunsrv.c:1524) Waiting for all threads to exit
[2017-05-15 18:14:15] [debug] ( prunsrv.c:1528) JVM destroyed.
[2017-05-15 18:14:15] [info]  ( prunsrv.c:1563) Run service finished.
[2017-05-15 18:14:15] [info]  ( prunsrv.c:1729) Commons Daemon procrun finished
